<?xml version="1.0" encoding="UTF-8"?>
<!-- Generated by org.testng.reporters.JUnitXMLReporter -->
<testsuite hostname="LuckyPC" ignored="2" name="Test" tests="1" failures="1" timestamp="2020-01-04T21:23:59 IST" time="10.13" errors="0">
  <testcase name="clickSearch" time="0.138" classname="com.spicejet.tests.TestHomepage">
    <failure type="java.lang.NullPointerException">
      <![CDATA[java.lang.NullPointerException
at com.spicejet.utilities.ExcelUtils.getCellData(ExcelUtils.java:37)
at com.spicejet.pages.Homepage.setDepartureCity(Homepage.java:21)
at com.spicejet.tests.TestHomepage.clickSearch(TestHomepage.java:27)
at java.util.ArrayList.forEach(Unknown Source)
... Removed 27 stack frames]]>
    </failure>
  </testcase> <!-- clickSearch -->
  <testcase name="ValidateTitle" time="0.0" classname="com.spicejet.tests.TestHomepage">
    <ignored/>
  </testcase> <!-- ValidateTitle -->
  <testcase name="searchBuses" time="0.0" classname="com.spicejet.tests.TestHomepage">
    <ignored/>
  </testcase> <!-- searchBuses -->
</testsuite> <!-- Test -->
