<?xml version="1.0" encoding="UTF-8"?>
<testng-results skipped="0" failed="1" ignored="2" total="3" passed="0">
  <reporter-output>
  </reporter-output>
  <suite name="Suite" duration-ms="10130" started-at="2020-01-04T21:23:49 IST" finished-at="2020-01-04T21:23:59 IST">
    <groups>
    </groups>
    <test name="Test" duration-ms="10130" started-at="2020-01-04T21:23:49 IST" finished-at="2020-01-04T21:23:59 IST">
      <class name="com.spicejet.tests.TestHomepage">
        <test-method status="PASS" signature="loadDriver(java.lang.String, java.lang.String)[pri:0, instance:com.spicejet.tests.TestHomepage@6fb0d3ed]" name="loadDriver" is-config="true" duration-ms="9800" started-at="2020-01-04T21:23:49 IST" finished-at="2020-01-04T21:23:59 IST">
          <params>
            <param index="0">
              <value>
                <![CDATA[chrome]]>
              </value>
            </param>
            <param index="1">
              <value>
                <![CDATA[https://www.spicejet.com/]]>
              </value>
            </param>
          </params>
          <reporter-output>
          </reporter-output>
        </test-method> <!-- loadDriver -->
        <test-method status="FAIL" signature="clickSearch()[pri:0, instance:com.spicejet.tests.TestHomepage@6fb0d3ed]" name="clickSearch" duration-ms="138" started-at="2020-01-04T21:23:59 IST" finished-at="2020-01-04T21:23:59 IST">
          <exception class="java.lang.NullPointerException">
            <full-stacktrace>
              <![CDATA[java.lang.NullPointerException
at com.spicejet.utilities.ExcelUtils.getCellData(ExcelUtils.java:37)
at com.spicejet.pages.Homepage.setDepartureCity(Homepage.java:21)
at com.spicejet.tests.TestHomepage.clickSearch(TestHomepage.java:27)
at sun.reflect.NativeMethodAccessorImpl.invoke0(Native Method)
at sun.reflect.NativeMethodAccessorImpl.invoke(Unknown Source)
at sun.reflect.DelegatingMethodAccessorImpl.invoke(Unknown Source)
at java.lang.reflect.Method.invoke(Unknown Source)
at org.testng.internal.MethodInvocationHelper.invokeMethod(MethodInvocationHelper.java:133)
at org.testng.internal.TestInvoker.invokeMethod(TestInvoker.java:584)
at org.testng.internal.TestInvoker.invokeTestMethod(TestInvoker.java:172)
at org.testng.internal.MethodRunner.runInSequence(MethodRunner.java:46)
at org.testng.internal.TestInvoker$MethodInvocationAgent.invoke(TestInvoker.java:804)
at org.testng.internal.TestInvoker.invokeTestMethods(TestInvoker.java:145)
at org.testng.internal.TestMethodWorker.invokeTestMethods(TestMethodWorker.java:146)
at org.testng.internal.TestMethodWorker.run(TestMethodWorker.java:128)
at java.util.ArrayList.forEach(Unknown Source)
at org.testng.TestRunner.privateRun(TestRunner.java:770)
at org.testng.TestRunner.run(TestRunner.java:591)
at org.testng.SuiteRunner.runTest(SuiteRunner.java:402)
at org.testng.SuiteRunner.runSequentially(SuiteRunner.java:396)
at org.testng.SuiteRunner.privateRun(SuiteRunner.java:355)
at org.testng.SuiteRunner.run(SuiteRunner.java:304)
at org.testng.SuiteRunnerWorker.runSuite(SuiteRunnerWorker.java:53)
at org.testng.SuiteRunnerWorker.run(SuiteRunnerWorker.java:96)
at org.testng.TestNG.runSuitesSequentially(TestNG.java:1180)
at org.testng.TestNG.runSuitesLocally(TestNG.java:1102)
at org.testng.TestNG.runSuites(TestNG.java:1032)
at org.testng.TestNG.run(TestNG.java:1000)
at org.testng.remote.AbstractRemoteTestNG.run(AbstractRemoteTestNG.java:115)
at org.testng.remote.RemoteTestNG.initAndRun(RemoteTestNG.java:251)
at org.testng.remote.RemoteTestNG.main(RemoteTestNG.java:77)
]]>
            </full-stacktrace>
          </exception> <!-- java.lang.NullPointerException -->
          <reporter-output>
          </reporter-output>
        </test-method> <!-- clickSearch -->
        <test-method status="PASS" signature="tearDown()[pri:0, instance:com.spicejet.tests.TestHomepage@6fb0d3ed]" name="tearDown" is-config="true" duration-ms="164" started-at="2020-01-04T21:23:59 IST" finished-at="2020-01-04T21:23:59 IST">
          <reporter-output>
          </reporter-output>
        </test-method> <!-- tearDown -->
      </class> <!-- com.spicejet.tests.TestHomepage -->
    </test> <!-- Test -->
  </suite> <!-- Suite -->
</testng-results>
